<?xml version="1.0" encoding="UTF-8"?>
<!-- Generated by org.testng.reporters.JUnitReportReporter -->
<testsuite hostname="TYC1221031" failures="0" tests="1" name="com.crm.vtigerContacts.CreateContactsTest" time="33.585" errors="0" timestamp="2023-05-30T13:48:05 IST" skipped="0">
  <testcase classname="com.crm.vtigerContacts.CreateContactsTest" name="createContactsTest" time="33.585"/>
  <system-out>
CreateContactsTest testcase is pass  </system-out>
</testsuite> <!-- com.crm.vtigerContacts.CreateContactsTest -->
