<?xml version="1.0" encoding="UTF-8"?>
<!-- Generated by org.testng.reporters.JUnitReportReporter -->
<testsuite hostname="TYC1221031" failures="0" tests="1" name="com.crm.vtigerContacts.sample" time="0.009" errors="0" timestamp="2023-05-26T11:00:56 IST" skipped="0">
  <testcase classname="com.crm.vtigerContacts.sample" name="t1" time="0.009"/>
  <system-out/>
</testsuite> <!-- com.crm.vtigerContacts.sample -->
