<?xml version="1.0" encoding="UTF-8"?>
<!-- Generated by org.testng.reporters.JUnitReportReporter -->
<testsuite hostname="TYC1221031" failures="0" tests="2" name="com.crm.vtigerOrganisation.sample" time="16.845" errors="0" timestamp="2023-05-29T11:46:55 IST" skipped="0">
  <testcase classname="com.crm.vtigerOrganisation.sample" name="m1" time="10.885"/>
  <system-out/>
  <testcase classname="com.crm.vtigerOrganisation.sample" name="m1" time="5.960"/>
  <system-out/>
</testsuite> <!-- com.crm.vtigerOrganisation.sample -->
