<?xml version="1.0" encoding="UTF-8"?>
<!-- Generated by org.testng.reporters.JUnitReportReporter -->
<testsuite hostname="TYC1221031" failures="0" tests="1" name="com.crm.vtigerOrganisation.CreateOrganisationTest" time="26.068" errors="0" timestamp="2023-05-29T12:49:48 IST" skipped="0">
  <testcase classname="com.crm.vtigerOrganisation.CreateOrganisationTest" name="createOrganisationTest" time="26.068"/>
  <system-out>
CreateOrganisationTest testcase is pass  </system-out>
</testsuite> <!-- com.crm.vtigerOrganisation.CreateOrganisationTest -->
