<?xml version="1.0" encoding="UTF-8"?>
<!-- Generated by org.testng.reporters.JUnitReportReporter -->
<testsuite hostname="TYC1221031" failures="0" tests="1" name="extra.test" time="4.811" errors="0" timestamp="2023-05-27T20:18:31 IST" skipped="0">
  <testcase classname="extra.test" name="m1" time="4.811"/>
  <system-out/>
</testsuite> <!-- extra.test -->
